# JRE version: Java(TM) SE Runtime Environment (8.0_111-b14) (build 1.8.0_111-b14)
# Java VM: Java HotSpot(TM) 64-Bit Server VM (25.111-b14 mixed mode windows-amd64 compressed oops)
Heap:
 PSYoungGen      total 209920K, used 12267K [0x00000000d5f00000, 0x00000000e8280000, 0x0000000100000000)
  eden space 197632K, 0% used [0x00000000d5f00000,0x00000000d5f00000,0x00000000e2000000)
  from space 12288K, 99% used [0x00000000e2000000,0x00000000e2bface8,0x00000000e2c00000)
  to   space 14848K, 0% used [0x00000000e7400000,0x00000000e7400000,0x00000000e8280000)
 ParOldGen       total 57856K, used 14288K [0x0000000081c00000, 0x0000000085480000, 0x00000000d5f00000)
  object space 57856K, 24% used [0x0000000081c00000,0x00000000829f4048,0x0000000085480000)
 Metaspace       used 34875K, capacity 35234K, committed 35456K, reserved 1079296K
  class space    used 4512K, capacity 4624K, committed 4736K, reserved 1048576K
GC Heap History (10 events):
Event: 3.776 GC heap after
Heap after GC invocations=6 (full 1):
 PSYoungGen      total 71680K, used 0K [0x00000000d5f00000, 0x00000000df600000, 0x0000000100000000)
  eden space 66560K, 0% used [0x00000000d5f00000,0x00000000d5f00000,0x00000000da000000)
  from space 5120K, 0% used [0x00000000da000000,0x00000000da000000,0x00000000da500000)
  to   space 10752K, 0% used [0x00000000deb80000,0x00000000deb80000,0x00000000df600000)
 ParOldGen       total 57856K, used 10974K [0x0000000081c00000, 0x0000000085480000, 0x00000000d5f00000)
  object space 57856K, 18% used [0x0000000081c00000,0x00000000826b7bd0,0x0000000085480000)
 Metaspace       used 20868K, capacity 21154K, committed 21296K, reserved 1069056K
  class space    used 2604K, capacity 2672K, committed 2688K, reserved 1048576K
}
Event: 4.193 GC heap before
{Heap before GC invocations=7 (full 1):
 PSYoungGen      total 71680K, used 66560K [0x00000000d5f00000, 0x00000000df600000, 0x0000000100000000)
  eden space 66560K, 100% used [0x00000000d5f00000,0x00000000da000000,0x00000000da000000)
  from space 5120K, 0% used [0x00000000da000000,0x00000000da000000,0x00000000da500000)
  to   space 10752K, 0% used [0x00000000deb80000,0x00000000deb80000,0x00000000df600000)
 ParOldGen       total 57856K, used 10974K [0x0000000081c00000, 0x0000000085480000, 0x00000000d5f00000)
  object space 57856K, 18% used [0x0000000081c00000,0x00000000826b7bd0,0x0000000085480000)
 Metaspace       used 21615K, capacity 21946K, committed 22192K, reserved 1069056K
  class space    used 2720K, capacity 2804K, committed 2816K, reserved 1048576K
Event: 4.199 GC heap after
Heap after GC invocations=7 (full 1):
 PSYoungGen      total 122368K, used 5312K [0x00000000d5f00000, 0x00000000df100000, 0x0000000100000000)
  eden space 116736K, 0% used [0x00000000d5f00000,0x00000000d5f00000,0x00000000dd100000)
  from space 5632K, 94% used [0x00000000deb80000,0x00000000df0b0060,0x00000000df100000)
  to   space 11264K, 0% used [0x00000000ddb00000,0x00000000ddb00000,0x00000000de600000)
 ParOldGen       total 57856K, used 10982K [0x0000000081c00000, 0x0000000085480000, 0x00000000d5f00000)
  object space 57856K, 18% used [0x0000000081c00000,0x00000000826b9bd0,0x0000000085480000)
 Metaspace       used 21615K, capacity 21946K, committed 22192K, reserved 1069056K
  class space    used 2720K, capacity 2804K, committed 2816K, reserved 1048576K
}
Event: 6.065 GC heap before
{Heap before GC invocations=8 (full 1):
 PSYoungGen      total 122368K, used 122048K [0x00000000d5f00000, 0x00000000df100000, 0x0000000100000000)
  eden space 116736K, 100% used [0x00000000d5f00000,0x00000000dd100000,0x00000000dd100000)
  from space 5632K, 94% used [0x00000000deb80000,0x00000000df0b0060,0x00000000df100000)
  to   space 11264K, 0% used [0x00000000ddb00000,0x00000000ddb00000,0x00000000de600000)
 ParOldGen       total 57856K, used 10982K [0x0000000081c00000, 0x0000000085480000, 0x00000000d5f00000)
  object space 57856K, 18% used [0x0000000081c00000,0x00000000826b9bd0,0x0000000085480000)
 Metaspace       used 25698K, capacity 26046K, committed 26240K, reserved 1073152K
  class space    used 3295K, capacity 3402K, committed 3456K, reserved 1048576K
Event: 6.076 GC heap after
Heap after GC invocations=8 (full 1):
 PSYoungGen      total 138240K, used 8119K [0x00000000d5f00000, 0x00000000e3680000, 0x0000000100000000)
  eden space 126976K, 0% used [0x00000000d5f00000,0x00000000d5f00000,0x00000000ddb00000)
  from space 11264K, 72% used [0x00000000ddb00000,0x00000000de2edf70,0x00000000de600000)
  to   space 10752K, 0% used [0x00000000e2c00000,0x00000000e2c00000,0x00000000e3680000)
 ParOldGen       total 57856K, used 10990K [0x0000000081c00000, 0x0000000085480000, 0x00000000d5f00000)
  object space 57856K, 18% used [0x0000000081c00000,0x00000000826bbbd0,0x0000000085480000)
 Metaspace       used 25698K, capacity 26046K, committed 26240K, reserved 1073152K
  class space    used 3295K, capacity 3402K, committed 3456K, reserved 1048576K
}
Event: 7.705 GC heap before
{Heap before GC invocations=9 (full 1):
 PSYoungGen      total 138240K, used 135095K [0x00000000d5f00000, 0x00000000e3680000, 0x0000000100000000)
  eden space 126976K, 100% used [0x00000000d5f00000,0x00000000ddb00000,0x00000000ddb00000)
  from space 11264K, 72% used [0x00000000ddb00000,0x00000000de2edf70,0x00000000de600000)
  to   space 10752K, 0% used [0x00000000e2c00000,0x00000000e2c00000,0x00000000e3680000)
 ParOldGen       total 57856K, used 10990K [0x0000000081c00000, 0x0000000085480000, 0x00000000d5f00000)
  object space 57856K, 18% used [0x0000000081c00000,0x00000000826bbbd0,0x0000000085480000)
 Metaspace       used 29794K, capacity 30186K, committed 30336K, reserved 1075200K
  class space    used 3797K, capacity 3884K, committed 3968K, reserved 1048576K
Event: 7.714 GC heap after
Heap after GC invocations=9 (full 1):
 PSYoungGen      total 208384K, used 10727K [0x00000000d5f00000, 0x00000000e4480000, 0x0000000100000000)
  eden space 197632K, 0% used [0x00000000d5f00000,0x00000000d5f00000,0x00000000e2000000)
  from space 10752K, 99% used [0x00000000e2c00000,0x00000000e3679fe0,0x00000000e3680000)
  to   space 12288K, 0% used [0x00000000e2000000,0x00000000e2000000,0x00000000e2c00000)
 ParOldGen       total 57856K, used 11454K [0x0000000081c00000, 0x0000000085480000, 0x00000000d5f00000)
  object space 57856K, 19% used [0x0000000081c00000,0x000000008272f950,0x0000000085480000)
 Metaspace       used 29794K, capacity 30186K, committed 30336K, reserved 1075200K
  class space    used 3797K, capacity 3884K, committed 3968K, reserved 1048576K
}
Event: 12.430 GC heap before
{Heap before GC invocations=10 (full 1):
 PSYoungGen      total 208384K, used 133939K [0x00000000d5f00000, 0x00000000e4480000, 0x0000000100000000)
  eden space 197632K, 62% used [0x00000000d5f00000,0x00000000dd752f48,0x00000000e2000000)
  from space 10752K, 99% used [0x00000000e2c00000,0x00000000e3679fe0,0x00000000e3680000)
  to   space 12288K, 0% used [0x00000000e2000000,0x00000000e2000000,0x00000000e2c00000)
 ParOldGen       total 57856K, used 11454K [0x0000000081c00000, 0x0000000085480000, 0x00000000d5f00000)
  object space 57856K, 19% used [0x0000000081c00000,0x000000008272f950,0x0000000085480000)
 Metaspace       used 34875K, capacity 35234K, committed 35456K, reserved 1079296K
  class space    used 4512K, capacity 4624K, committed 4736K, reserved 1048576K
Event: 12.444 GC heap after
Heap after GC invocations=10 (full 1):
 PSYoungGen      total 209920K, used 12267K [0x00000000d5f00000, 0x00000000e8280000, 0x0000000100000000)
  eden space 197632K, 0% used [0x00000000d5f00000,0x00000000d5f00000,0x00000000e2000000)
  from space 12288K, 99% used [0x00000000e2000000,0x00000000e2bface8,0x00000000e2c00000)
  to   space 14848K, 0% used [0x00000000e7400000,0x00000000e7400000,0x00000000e8280000)
 ParOldGen       total 57856K, used 14288K [0x0000000081c00000, 0x0000000085480000, 0x00000000d5f00000)
  object space 57856K, 24% used [0x0000000081c00000,0x00000000829f4048,0x0000000085480000)
 Metaspace       used 34875K, capacity 35234K, committed 35456K, reserved 1079296K
  class space    used 4512K, capacity 4624K, committed 4736K, reserved 1048576K
}
Event: 12.444 GC heap before
{Heap before GC invocations=11 (full 2):
 PSYoungGen      total 209920K, used 12267K [0x00000000d5f00000, 0x00000000e8280000, 0x0000000100000000)
  eden space 197632K, 0% used [0x00000000d5f00000,0x00000000d5f00000,0x00000000e2000000)
  from space 12288K, 99% used [0x00000000e2000000,0x00000000e2bface8,0x00000000e2c00000)
  to   space 14848K, 0% used [0x00000000e7400000,0x00000000e7400000,0x00000000e8280000)
 ParOldGen       total 57856K, used 14288K [0x0000000081c00000, 0x0000000085480000, 0x00000000d5f00000)
  object space 57856K, 24% used [0x0000000081c00000,0x00000000829f4048,0x0000000085480000)
 Metaspace       used 34875K, capacity 35234K, committed 35456K, reserved 1079296K
  class space    used 4512K, capacity 4624K, committed 4736K, reserved 1048576K

