# JRE version: Java(TM) SE Runtime Environment (8.0_111-b14) (build 1.8.0_111-b14)
# Java VM: Java HotSpot(TM) 64-Bit Server VM (25.111-b14 mixed mode windows-amd64 compressed oops)
Heap:
 PSYoungGen      total 115200K, used 86437K [0x00000000d5f00000, 0x00000000df100000, 0x0000000100000000)
  eden space 109568K, 74% used [0x00000000d5f00000,0x00000000dae39478,0x00000000dca00000)
  from space 5632K, 94% used [0x00000000deb80000,0x00000000df0b0060,0x00000000df100000)
  to   space 11264K, 0% used [0x00000000ddb00000,0x00000000ddb00000,0x00000000de600000)
 ParOldGen       total 61440K, used 10969K [0x0000000081c00000, 0x0000000085800000, 0x00000000d5f00000)
  object space 61440K, 17% used [0x0000000081c00000,0x00000000826b64f8,0x0000000085800000)
 Metaspace       used 23850K, capacity 24184K, committed 24448K, reserved 1071104K
  class space    used 3057K, capacity 3161K, committed 3200K, reserved 1048576K
GC Heap History (10 events):
Event: 4.891 GC heap before
{Heap before GC invocations=3 (full 0):
 PSYoungGen      total 38400K, used 38385K [0x00000000d5f00000, 0x00000000daa00000, 0x0000000100000000)
  eden space 33280K, 100% used [0x00000000d5f00000,0x00000000d7f80000,0x00000000d7f80000)
  from space 5120K, 99% used [0x00000000d8480000,0x00000000d897c7a0,0x00000000d8980000)
  to   space 5120K, 0% used [0x00000000d7f80000,0x00000000d7f80000,0x00000000d8480000)
 ParOldGen       total 87552K, used 5026K [0x0000000081c00000, 0x0000000087180000, 0x00000000d5f00000)
  object space 87552K, 5% used [0x0000000081c00000,0x00000000820e8a80,0x0000000087180000)
 Metaspace       used 20017K, capacity 20336K, committed 20608K, reserved 1067008K
  class space    used 2490K, capacity 2573K, committed 2688K, reserved 1048576K
Event: 4.901 GC heap after
Heap after GC invocations=3 (full 0):
 PSYoungGen      total 38400K, used 5095K [0x00000000d5f00000, 0x00000000daa00000, 0x0000000100000000)
  eden space 33280K, 0% used [0x00000000d5f00000,0x00000000d5f00000,0x00000000d7f80000)
  from space 5120K, 99% used [0x00000000d7f80000,0x00000000d8479f18,0x00000000d8480000)
  to   space 5120K, 0% used [0x00000000da500000,0x00000000da500000,0x00000000daa00000)
 ParOldGen       total 87552K, used 9265K [0x0000000081c00000, 0x0000000087180000, 0x00000000d5f00000)
  object space 87552K, 10% used [0x0000000081c00000,0x000000008250c4b0,0x0000000087180000)
 Metaspace       used 20017K, capacity 20336K, committed 20608K, reserved 1067008K
  class space    used 2490K, capacity 2573K, committed 2688K, reserved 1048576K
}
Event: 5.258 GC heap before
{Heap before GC invocations=4 (full 0):
 PSYoungGen      total 38400K, used 38375K [0x00000000d5f00000, 0x00000000daa00000, 0x0000000100000000)
  eden space 33280K, 100% used [0x00000000d5f00000,0x00000000d7f80000,0x00000000d7f80000)
  from space 5120K, 99% used [0x00000000d7f80000,0x00000000d8479f18,0x00000000d8480000)
  to   space 5120K, 0% used [0x00000000da500000,0x00000000da500000,0x00000000daa00000)
 ParOldGen       total 87552K, used 9265K [0x0000000081c00000, 0x0000000087180000, 0x00000000d5f00000)
  object space 87552K, 10% used [0x0000000081c00000,0x000000008250c4b0,0x0000000087180000)
 Metaspace       used 20479K, capacity 20796K, committed 20864K, reserved 1067008K
  class space    used 2542K, capacity 2639K, committed 2688K, reserved 1048576K
Event: 5.266 GC heap after
Heap after GC invocations=4 (full 0):
 PSYoungGen      total 71680K, used 5109K [0x00000000d5f00000, 0x00000000daa00000, 0x0000000100000000)
  eden space 66560K, 0% used [0x00000000d5f00000,0x00000000d5f00000,0x00000000da000000)
  from space 5120K, 99% used [0x00000000da500000,0x00000000da9fd630,0x00000000daa00000)
  to   space 5120K, 0% used [0x00000000da000000,0x00000000da000000,0x00000000da500000)
 ParOldGen       total 87552K, used 11893K [0x0000000081c00000, 0x0000000087180000, 0x00000000d5f00000)
  object space 87552K, 13% used [0x0000000081c00000,0x000000008279d4e8,0x0000000087180000)
 Metaspace       used 20479K, capacity 20796K, committed 20864K, reserved 1067008K
  class space    used 2542K, capacity 2639K, committed 2688K, reserved 1048576K
}
Event: 5.517 GC heap before
{Heap before GC invocations=5 (full 0):
 PSYoungGen      total 71680K, used 26724K [0x00000000d5f00000, 0x00000000daa00000, 0x0000000100000000)
  eden space 66560K, 32% used [0x00000000d5f00000,0x00000000d741bc98,0x00000000da000000)
  from space 5120K, 99% used [0x00000000da500000,0x00000000da9fd630,0x00000000daa00000)
  to   space 5120K, 0% used [0x00000000da000000,0x00000000da000000,0x00000000da500000)
 ParOldGen       total 87552K, used 11893K [0x0000000081c00000, 0x0000000087180000, 0x00000000d5f00000)
  object space 87552K, 13% used [0x0000000081c00000,0x000000008279d4e8,0x0000000087180000)
 Metaspace       used 20871K, capacity 21218K, committed 21296K, reserved 1069056K
  class space    used 2605K, capacity 2672K, committed 2688K, reserved 1048576K
Event: 5.524 GC heap after
Heap after GC invocations=5 (full 0):
 PSYoungGen      total 71680K, used 5111K [0x00000000d5f00000, 0x00000000df600000, 0x0000000100000000)
  eden space 66560K, 0% used [0x00000000d5f00000,0x00000000d5f00000,0x00000000da000000)
  from space 5120K, 99% used [0x00000000da000000,0x00000000da4fdee8,0x00000000da500000)
  to   space 10752K, 0% used [0x00000000deb80000,0x00000000deb80000,0x00000000df600000)
 ParOldGen       total 87552K, used 12486K [0x0000000081c00000, 0x0000000087180000, 0x00000000d5f00000)
  object space 87552K, 14% used [0x0000000081c00000,0x00000000828319b0,0x0000000087180000)
 Metaspace       used 20871K, capacity 21218K, committed 21296K, reserved 1069056K
  class space    used 2605K, capacity 2672K, committed 2688K, reserved 1048576K
}
Event: 5.524 GC heap before
{Heap before GC invocations=6 (full 1):
 PSYoungGen      total 71680K, used 5111K [0x00000000d5f00000, 0x00000000df600000, 0x0000000100000000)
  eden space 66560K, 0% used [0x00000000d5f00000,0x00000000d5f00000,0x00000000da000000)
  from space 5120K, 99% used [0x00000000da000000,0x00000000da4fdee8,0x00000000da500000)
  to   space 10752K, 0% used [0x00000000deb80000,0x00000000deb80000,0x00000000df600000)
 ParOldGen       total 87552K, used 12486K [0x0000000081c00000, 0x0000000087180000, 0x00000000d5f00000)
  object space 87552K, 14% used [0x0000000081c00000,0x00000000828319b0,0x0000000087180000)
 Metaspace       used 20871K, capacity 21218K, committed 21296K, reserved 1069056K
  class space    used 2605K, capacity 2672K, committed 2688K, reserved 1048576K
Event: 5.569 GC heap after
Heap after GC invocations=6 (full 1):
 PSYoungGen      total 71680K, used 0K [0x00000000d5f00000, 0x00000000df600000, 0x0000000100000000)
  eden space 66560K, 0% used [0x00000000d5f00000,0x00000000d5f00000,0x00000000da000000)
  from space 5120K, 0% used [0x00000000da000000,0x00000000da000000,0x00000000da500000)
  to   space 10752K, 0% used [0x00000000deb80000,0x00000000deb80000,0x00000000df600000)
 ParOldGen       total 61440K, used 10961K [0x0000000081c00000, 0x0000000085800000, 0x00000000d5f00000)
  object space 61440K, 17% used [0x0000000081c00000,0x00000000826b44f8,0x0000000085800000)
 Metaspace       used 20871K, capacity 21218K, committed 21296K, reserved 1069056K
  class space    used 2605K, capacity 2672K, committed 2688K, reserved 1048576K
}
Event: 6.080 GC heap before
{Heap before GC invocations=7 (full 1):
 PSYoungGen      total 71680K, used 66560K [0x00000000d5f00000, 0x00000000df600000, 0x0000000100000000)
  eden space 66560K, 100% used [0x00000000d5f00000,0x00000000da000000,0x00000000da000000)
  from space 5120K, 0% used [0x00000000da000000,0x00000000da000000,0x00000000da500000)
  to   space 10752K, 0% used [0x00000000deb80000,0x00000000deb80000,0x00000000df600000)
 ParOldGen       total 61440K, used 10961K [0x0000000081c00000, 0x0000000085800000, 0x00000000d5f00000)
  object space 61440K, 17% used [0x0000000081c00000,0x00000000826b44f8,0x0000000085800000)
 Metaspace       used 21630K, capacity 21978K, committed 22320K, reserved 1069056K
  class space    used 2723K, capacity 2836K, committed 2944K, reserved 1048576K
Event: 6.085 GC heap after
Heap after GC invocations=7 (full 1):
 PSYoungGen      total 115200K, used 5312K [0x00000000d5f00000, 0x00000000df100000, 0x0000000100000000)
  eden space 109568K, 0% used [0x00000000d5f00000,0x00000000d5f00000,0x00000000dca00000)
  from space 5632K, 94% used [0x00000000deb80000,0x00000000df0b0060,0x00000000df100000)
  to   space 11264K, 0% used [0x00000000ddb00000,0x00000000ddb00000,0x00000000de600000)
 ParOldGen       total 61440K, used 10969K [0x0000000081c00000, 0x0000000085800000, 0x00000000d5f00000)
  object space 61440K, 17% used [0x0000000081c00000,0x00000000826b64f8,0x0000000085800000)
 Metaspace       used 21630K, capacity 21978K, committed 22320K, reserved 1069056K
  class space    used 2723K, capacity 2836K, committed 2944K, reserved 1048576K
}

